1743847764,69,PSArips.com | Adolescence.S01E01.1080p.10bit.WEBRip.6CH.x265.HEVC-PSA,E:\Torrents\Adolescence.S01.1080p.10bit.WEBRip.6CH.x265.HEVC-PSA\1.mkv,154
1743847794,69,PSArips.com | Adolescence.S01E01.1080p.10bit.WEBRip.6CH.x265.HEVC-PSA,E:\Torrents\Adolescence.S01.1080p.10bit.WEBRip.6CH.x265.HEVC-PSA\1.mkv,154
1743848593,69,PSArips.com | Adolescence.S01E01.1080p.10bit.WEBRip.6CH.x265.HEVC-PSA,E:\Torrents\Adolescence.S01.1080p.10bit.WEBRip.6CH.x265.HEVC-PSA\1.mkv,154
1743848622,69,PSArips.com | Adolescence.S01E01.1080p.10bit.WEBRip.6CH.x265.HEVC-PSA,E:\Torrents\Adolescence.S01.1080p.10bit.WEBRip.6CH.x265.HEVC-PSA\1.mkv,154
1743848667,69,PSArips.com | Adolescence.S01E01.1080p.10bit.WEBRip.6CH.x265.HEVC-PSA,E:\Torrents\Adolescence.S01.1080p.10bit.WEBRip.6CH.x265.HEVC-PSA\1.mkv,154
1743849139,69,PSArips.com | Adolescence.S01E01.1080p.10bit.WEBRip.6CH.x265.HEVC-PSA,E:\Torrents\Adolescence.S01.1080p.10bit.WEBRip.6CH.x265.HEVC-PSA\1.mkv,154
1743849760,69,PSArips.com | Adolescence.S01E01.1080p.10bit.WEBRip.6CH.x265.HEVC-PSA,E:\Torrents\Adolescence.S01.1080p.10bit.WEBRip.6CH.x265.HEVC-PSA\1.mkv,154
1743849814,69,PSArips.com | Adolescence.S01E01.1080p.10bit.WEBRip.6CH.x265.HEVC-PSA,E:\Torrents\Adolescence.S01.1080p.10bit.WEBRip.6CH.x265.HEVC-PSA\1.mkv,154
1743929971,72,PSArips.com | Mickey.17.2025.2160p.HDR10Plus.DV.WEBRip.6CH.x265.HEVC-PSA,E:\Torrents\Mickey.17.2025.2160p.HDR10Plus.DV.WEBRip.6CH.x265.HEVC-PSA\Mickey.17.2025.2160p.HDR10Plus.DV.WEBRip.6CH.x265.HEVC-PSA.mkv,220
1744040381,,,E:\Torrents\Study.Group.S01\1.mkv,46
1744045209,37,Legion.S01E01.1080p.BluRay.x265-RARBG,E:\Torrents\Legion.S01.1080p.BluRay.x265-RARBG\1.mp4,104
1744053613,37,Legion.S01E02.1080p.BluRay.x265-RARBG,E:\Torrents\Legion.S01.1080p.BluRay.x265-RARBG\2.mp4,104
1744096455,28,Study Group S01E01 - Rootapk,E:\Torrents\Study.Group.S01.1080p.H264.AAC.WEB-DL-Phanteam-Rootapk\1.mkv,115
1744096909,28,Study Group S01E02 - Rootapk,E:\Torrents\Study.Group.S01.1080p.H264.AAC.WEB-DL-Phanteam-Rootapk\2.mkv,115
1744099069,28,Study Group S01E03 - Rootapk,E:\Torrents\Study.Group.S01.1080p.H264.AAC.WEB-DL-Phanteam-Rootapk\3.mkv,115
1744102782,28,Study Group S01E04 - Rootapk,E:\Torrents\Study.Group.S01.1080p.H264.AAC.WEB-DL-Phanteam-Rootapk\4.mkv,115
1744102789,28,Study Group S01E03 - Rootapk,E:\Torrents\Study.Group.S01.1080p.H264.AAC.WEB-DL-Phanteam-Rootapk\3.mkv,115
1744102791,28,Study Group S01E04 - Rootapk,E:\Torrents\Study.Group.S01.1080p.H264.AAC.WEB-DL-Phanteam-Rootapk\4.mkv,115
1744129745,28,Study Group S01E05 - Rootapk,F:\Movies\Study.Group.S01.1080p.H264.AAC.WEB-DL-Phanteam-Rootapk\5.mkv,113
1744319751,72,PSArips.com | Mickey.17.2025.2160p.HDR10Plus.DV.WEBRip.6CH.x265.HEVC-PSA,E:\Torrents\Mickey.17.2025.2160p.HDR10Plus.DV.WEBRip.6CH.x265.HEVC-PSA\Mickey.17.2025.2160p.HDR10Plus.DV.WEBRip.6CH.x265.HEVC-PSA.mkv,220
1744650874,79,PSArips.com | The.Last.of.Us.S02E01.2160p.10bit.HDR.DV.WEBRip.6CH.x265.HEVC-PSA,E:\Torrents\The.Last.of.Us.S02E01.2160p.10bit.HDR.DV.WEBRip.6CH.x265.HEVC-PSA.mkv,175
1744651115,79,PSArips.com | The.Last.of.Us.S02E01.2160p.10bit.HDR.DV.WEBRip.6CH.x265.HEVC-PSA,E:\Torrents\The.Last.of.Us.S02\1.mkv,130
1744651175,79,PSArips.com | The.Last.of.Us.S02E01.2160p.10bit.HDR.DV.WEBRip.6CH.x265.HEVC-PSA,E:\Torrents\The.Last.of.Us.S02\1.mkv,130
